Vivado Simulator 2018.3
Copyright 1986-1999, 2001-2018 Xilinx, Inc. All Rights Reserved.
Running: /CMC/tools/xilinx/Vivado/2018.3/bin/unwrapped/lnx64.o/xelab -wto 6e536e7a9f904edd91a47bec85dcbe96 --incr --debug typical --relax --mt 8 --maxdelay -L xil_defaultlib -L simprims_ver -L secureip --snapshot BS_TB_time_impl -transport_int_delays -pulse_r 0 -pulse_int_r 0 -pulse_e 0 -pulse_int_e 0 xil_defaultlib.BS_TB xil_defaultlib.glbl -log elaborate.log 
Using 8 slave threads.
Starting static elaboration
Completed static elaboration
Starting simulation data flow analysis
Completed simulation data flow analysis
INFO: [XSIM 43-3451] SDF backannotation process started with SDF file "BS_TB_time_impl.sdf", for root module "BS_TB/uut_01".
INFO: [XSIM 43-3452] SDF backannotation was successful for SDF file "BS_TB_time_impl.sdf", for root module "BS_TB/uut_01".
Time Resolution for simulation is 1ps
Compiling package std.standard
Compiling package std.textio
Compiling package ieee.std_logic_1164
Compiling package vl.vl_types
Compiling module xil_defaultlib.glbl
Compiling module simprims_ver.FDRE_default
Compiling module simprims_ver.BUFG
Compiling module simprims_ver.IBUF
Compiling module simprims_ver.LUT6
Compiling module simprims_ver.x_lut3_mux8
Compiling module simprims_ver.LUT3
Compiling module simprims_ver.LUT5
Compiling module simprims_ver.LUT4
Compiling module simprims_ver.OBUF
Compiling module xil_defaultlib.shifter2
Compiling architecture behavioral of entity xil_defaultlib.bs_tb
Built simulation snapshot BS_TB_time_impl
